<?xml version="1.0" encoding="UTF-8"?>
<!-- Generated by org.testng.reporters.JUnitXMLReporter -->
<testsuite ignored="1" hostname="LAPTOP-IC2EHG3R" failures="0" tests="4" name="car Loan" time="0.076" errors="0" timestamp="2023-01-19T22:33:01 EST">
  <testcase classname="test.day3" name="MobileCarLogin" time="0.004"/>
  <testcase classname="test.day3" name="MobileCarSignout" time="0.01"/>
  <testcase classname="test.day3" name="WebCarLogin" time="0.006"/>
  <testcase classname="test.day3" name="APICarLogin" time="0.011"/>
  <testcase classname="test.day3" name="MobileCarSignin" time="0.0">
    <ignored/>
  </testcase> <!-- MobileCarSignin -->
</testsuite> <!-- car Loan -->
