<?xml version="1.0" encoding="UTF-8"?>
<!-- Generated by org.testng.reporters.JUnitXMLReporter -->
<testsuite ignored="1" hostname="LAPTOP-IC2EHG3R" failures="0" tests="5" name="Personal Loan" time="0.093" errors="0" timestamp="2023-01-19T22:33:00 EST">
  <testcase classname="test.day1" name="Demo" time="0.014"/>
  <testcase classname="test.day2" name="Demo2" time="0.003"/>
  <testcase classname="test.day4" name="APIHomeLogin" time="0.002"/>
  <testcase classname="test.day4" name="MobileHomeLogin" time="0.001"/>
  <testcase classname="test.day4" name="WebHomeLogin" time="0.003"/>
  <testcase classname="test.day1" name="Demo1" time="0.0">
    <ignored/>
  </testcase> <!-- Demo1 -->
</testsuite> <!-- Personal Loan -->
