<?xml version="1.0" encoding="UTF-8"?>
<!-- Generated by org.testng.reporters.JUnitXMLReporter -->
<testsuite ignored="8" hostname="LAPTOP-IC2EHG3R" failures="0" tests="3" name="Regression" time="0.088" errors="0" timestamp="2023-01-19T15:59:07 EST">
  <testcase classname="test.day1" name="Demo1" time="0.016"/>
  <testcase classname="test.day4" name="APIHomeLogin" time="0.003"/>
  <testcase classname="test.day3" name="MobileCarLogin" time="0.003"/>
  <testcase classname="test.day4" name="WebHomeLogin" time="0.0">
    <ignored/>
  </testcase> <!-- WebHomeLogin -->
  <testcase classname="test.day3" name="MobileCarSignout" time="0.0">
    <ignored/>
  </testcase> <!-- MobileCarSignout -->
  <testcase classname="test.day3" name="MobileCarSignin" time="0.0">
    <ignored/>
  </testcase> <!-- MobileCarSignin -->
  <testcase classname="test.day3" name="APICarLogin" time="0.0">
    <ignored/>
  </testcase> <!-- APICarLogin -->
  <testcase classname="test.day4" name="MobileHomeLogin" time="0.0">
    <ignored/>
  </testcase> <!-- MobileHomeLogin -->
  <testcase classname="test.day3" name="WebCarLogin" time="0.0">
    <ignored/>
  </testcase> <!-- WebCarLogin -->
  <testcase classname="test.day1" name="Demo" time="0.0">
    <ignored/>
  </testcase> <!-- Demo -->
  <testcase classname="test.day2" name="Demo2" time="0.0">
    <ignored/>
  </testcase> <!-- Demo2 -->
</testsuite> <!-- Regression -->
